<?xml version="1.0" encoding="UTF-8"?>
<testsuite name="AppTest" tests="4" skipped="0" failures="0" errors="0" timestamp="2020-04-03T05:00:48" hostname="hiroki-B85H3-M4" time="1.842">
  <properties/>
  <testcase name="downloadメソッドの通信を確認" classname="AppTest" time="0.959"/>
  <testcase name="postメソッドの通信を確認" classname="AppTest" time="0.513"/>
  <testcase name="headerメソッドの通信を確認" classname="AppTest" time="0.199"/>
  <testcase name="getメソッドの通信を確認" classname="AppTest" time="0.17"/>
  <system-out><![CDATA[]]></system-out>
  <system-err><![CDATA[]]></system-err>
</testsuite>
