<?xml version="1.0" encoding="UTF-8"?>
<testsuite name="AppTest" tests="1" skipped="0" failures="0" errors="0" timestamp="2020-04-01T12:51:25" hostname="hiroki-B85H3-M4" time="0.983">
  <properties/>
  <testcase name="getメソッドの通信を確認" classname="AppTest" time="0.983"/>
  <system-out><![CDATA[]]></system-out>
  <system-err><![CDATA[]]></system-err>
</testsuite>
