<?xml version="1.0" encoding="UTF-8"?>
<testsuite name="AppTest" tests="2" skipped="0" failures="0" errors="0" timestamp="2020-04-01T12:57:59" hostname="hiroki-B85H3-M4" time="1.503">
  <properties/>
  <testcase name="downloadメソッドの通信を確認" classname="AppTest" time="0.978"/>
  <testcase name="getメソッドの通信を確認" classname="AppTest" time="0.525"/>
  <system-out><![CDATA[]]></system-out>
  <system-err><![CDATA[]]></system-err>
</testsuite>
