<?xml version="1.0" encoding="UTF-8"?>
<testsuite name="AppTest" tests="3" skipped="0" failures="0" errors="0" timestamp="2020-04-02T07:50:08" hostname="hiroki-B85H3-M4" time="1.734">
  <properties/>
  <testcase name="downloadメソッドの通信を確認" classname="AppTest" time="1.024"/>
  <testcase name="headerメソッドの通信を確認" classname="AppTest" time="0.537"/>
  <testcase name="getメソッドの通信を確認" classname="AppTest" time="0.172"/>
  <system-out><![CDATA[]]></system-out>
  <system-err><![CDATA[]]></system-err>
</testsuite>
