<?xml version="1.0" encoding="UTF-8"?>
<testsuite name="AppTest" tests="5" skipped="0" failures="0" errors="0" timestamp="2020-04-04T06:14:09" hostname="hiroki-B85H3-M4" time="2.022">
  <properties/>
  <testcase name="downloadメソッドの通信を確認" classname="AppTest" time="0.953"/>
  <testcase name="postメソッドの通信を確認" classname="AppTest" time="0.524"/>
  <testcase name="headerメソッドの通信を確認" classname="AppTest" time="0.199"/>
  <testcase name="postoutメソッドの通信を確認" classname="AppTest" time="0.173"/>
  <testcase name="getメソッドの通信を確認" classname="AppTest" time="0.172"/>
  <system-out><![CDATA[]]></system-out>
  <system-err><![CDATA[]]></system-err>
</testsuite>
