<?xml version="1.0" encoding="UTF-8"?>
<testsuite name="AppTest" tests="5" skipped="0" failures="0" errors="0" timestamp="2020-04-04T07:08:35" hostname="hiroki-B85H3-M4" time="2.102">
  <properties/>
  <testcase name="downloadメソッドの通信を確認" classname="AppTest" time="1.008"/>
  <testcase name="postメソッドの通信を確認" classname="AppTest" time="0.534"/>
  <testcase name="headerメソッドの通信を確認" classname="AppTest" time="0.201"/>
  <testcase name="postoutメソッドの通信を確認" classname="AppTest" time="0.178"/>
  <testcase name="getメソッドの通信を確認" classname="AppTest" time="0.18"/>
  <system-out><![CDATA[]]></system-out>
  <system-err><![CDATA[]]></system-err>
</testsuite>
